Flow report for CA5
Thu Dec 28 03:16:26 2017
Quartus Prime Version 17.1.0 Build 590 10/25/2017 SJ Lite Edition


---------------------
; Table of Contents ;
---------------------
  1. Legal Notice
  2. Flow Summary
  3. Flow Settings
  4. Flow Non-Default Global Settings
  5. Flow Elapsed Time
  6. Flow OS Summary
  7. Flow Log
  8. Flow Messages
  9. Flow Suppressed Messages



----------------
; Legal Notice ;
----------------
Copyright (C) 2017  Intel Corporation. All rights reserved.
Your use of Intel Corporation's design tools, logic functions 
and other software and tools, and its AMPP partner logic 
functions, and any output files from any of the foregoing 
(including device programming or simulation files), and any 
associated documentation or information are expressly subject 
to the terms and conditions of the Intel Program License 
Subscription Agreement, the Intel Quartus Prime License Agreement,
the Intel FPGA IP License Agreement, or other applicable license
agreement, including, without limitation, that your use is for
the sole purpose of programming logic devices manufactured by
Intel and sold by Intel or its authorized distributors.  Please
refer to the applicable agreement for further details.



+----------------------------------------------------------------------------------+
; Flow Summary                                                                     ;
+------------------------------------+---------------------------------------------+
; Flow Status                        ; Successful - Thu Dec 28 03:16:26 2017       ;
; Quartus Prime Version              ; 17.1.0 Build 590 10/25/2017 SJ Lite Edition ;
; Revision Name                      ; CA5                                         ;
; Top-level Entity Name              ; Fact                                        ;
; Family                             ; Cyclone IV GX                               ;
; Device                             ; EP4CGX15BF14A7                              ;
; Timing Models                      ; Final                                       ;
; Total logic elements               ; 16 / 14,400 ( < 1 % )                       ;
;     Total combinational functions  ; 10 / 14,400 ( < 1 % )                       ;
;     Dedicated logic registers      ; 15 / 14,400 ( < 1 % )                       ;
; Total registers                    ; 15                                          ;
; Total pins                         ; 44 / 81 ( 54 % )                            ;
; Total virtual pins                 ; 0                                           ;
; Total memory bits                  ; 0 / 552,960 ( 0 % )                         ;
; Embedded Multiplier 9-bit elements ; 0                                           ;
; Total GXB Receiver Channel PCS     ; 0 / 2 ( 0 % )                               ;
; Total GXB Receiver Channel PMA     ; 0 / 2 ( 0 % )                               ;
; Total GXB Transmitter Channel PCS  ; 0 / 2 ( 0 % )                               ;
; Total GXB Transmitter Channel PMA  ; 0 / 2 ( 0 % )                               ;
; Total PLLs                         ; 0 / 3 ( 0 % )                               ;
+------------------------------------+---------------------------------------------+


+-----------------------------------------+
; Flow Settings                           ;
+-------------------+---------------------+
; Option            ; Setting             ;
+-------------------+---------------------+
; Start date & time ; 12/28/2017 03:15:26 ;
; Main task         ; Compilation         ;
; Revision Name     ; CA5                 ;
+-------------------+---------------------+


+-----------------------------------------------------------------------------------------------------------------------------------+
; Flow Non-Default Global Settings                                                                                                  ;
+-------------------------------------+----------------------------------------+---------------+-------------+----------------------+
; Assignment Name                     ; Value                                  ; Default Value ; Entity Name ; Section Id           ;
+-------------------------------------+----------------------------------------+---------------+-------------+----------------------+
; COMPILER_SIGNATURE_ID               ; 121371085270.151441832504228           ; --            ; --          ; --                   ;
; EDA_INPUT_DATA_FORMAT               ; Edif                                   ; --            ; --          ; eda_design_synthesis ;
; EDA_NETLIST_WRITER_OUTPUT_DIR       ; simulation/modelsim                    ; --            ; --          ; eda_simulation       ;
; EDA_OUTPUT_DATA_FORMAT              ; Verilog Hdl                            ; --            ; --          ; eda_simulation       ;
; EDA_SIMULATION_TOOL                 ; ModelSim-Altera (Verilog)              ; <None>        ; --          ; --                   ;
; EDA_TIME_SCALE                      ; 1 ps                                   ; --            ; --          ; eda_simulation       ;
; MAX_CORE_JUNCTION_TEMP              ; 125                                    ; --            ; --          ; --                   ;
; MIN_CORE_JUNCTION_TEMP              ; -40                                    ; --            ; --          ; --                   ;
; NOMINAL_CORE_SUPPLY_VOLTAGE         ; 1.2V                                   ; --            ; --          ; --                   ;
; PARTITION_COLOR                     ; -- (Not supported for targeted family) ; --            ; Fact        ; Top                  ;
; PARTITION_FITTER_PRESERVATION_LEVEL ; -- (Not supported for targeted family) ; --            ; Fact        ; Top                  ;
; PARTITION_NETLIST_TYPE              ; -- (Not supported for targeted family) ; --            ; Fact        ; Top                  ;
; POWER_BOARD_THERMAL_MODEL           ; None (CONSERVATIVE)                    ; --            ; --          ; --                   ;
; POWER_PRESET_COOLING_SOLUTION       ; 23 MM HEAT SINK WITH 200 LFPM AIRFLOW  ; --            ; --          ; --                   ;
; PROJECT_OUTPUT_DIRECTORY            ; output_files                           ; --            ; --          ; --                   ;
; TOP_LEVEL_ENTITY                    ; Fact                                   ; CA5           ; --          ; --                   ;
+-------------------------------------+----------------------------------------+---------------+-------------+----------------------+


+-------------------------------------------------------------------------------------------------------------------------------+
; Flow Elapsed Time                                                                                                             ;
+---------------------------+--------------+-------------------------+---------------------+------------------------------------+
; Module Name               ; Elapsed Time ; Average Processors Used ; Peak Virtual Memory ; Total CPU Time (on all processors) ;
+---------------------------+--------------+-------------------------+---------------------+------------------------------------+
; Analysis & Synthesis      ; 00:00:34     ; 1.0                     ; 701 MB              ; 00:00:35                           ;
; Fitter                    ; 00:00:12     ; 1.0                     ; 1171 MB             ; 00:00:11                           ;
; Assembler                 ; 00:00:02     ; 1.0                     ; 628 MB              ; 00:00:01                           ;
; TimeQuest Timing Analyzer ; 00:00:05     ; 1.0                     ; 611 MB              ; 00:00:03                           ;
; EDA Netlist Writer        ; 00:00:02     ; 1.0                     ; 600 MB              ; 00:00:01                           ;
; Total                     ; 00:00:55     ; --                      ; --                  ; 00:00:51                           ;
+---------------------------+--------------+-------------------------+---------------------+------------------------------------+


+-----------------------------------------------------------------------------------------+
; Flow OS Summary                                                                         ;
+---------------------------+------------------+------------+------------+----------------+
; Module Name               ; Machine Hostname ; OS Name    ; OS Version ; Processor type ;
+---------------------------+------------------+------------+------------+----------------+
; Analysis & Synthesis      ; FARZAD4BB1       ; Windows 10 ; 10.0       ; x86_64         ;
; Fitter                    ; FARZAD4BB1       ; Windows 10 ; 10.0       ; x86_64         ;
; Assembler                 ; FARZAD4BB1       ; Windows 10 ; 10.0       ; x86_64         ;
; TimeQuest Timing Analyzer ; FARZAD4BB1       ; Windows 10 ; 10.0       ; x86_64         ;
; EDA Netlist Writer        ; FARZAD4BB1       ; Windows 10 ; 10.0       ; x86_64         ;
+---------------------------+------------------+------------+------------+----------------+


------------
; Flow Log ;
------------
quartus_map --read_settings_files=on --write_settings_files=off CA5 -c CA5
quartus_fit --read_settings_files=off --write_settings_files=off CA5 -c CA5
quartus_asm --read_settings_files=off --write_settings_files=off CA5 -c CA5
quartus_sta CA5 -c CA5
quartus_eda --read_settings_files=off --write_settings_files=off CA5 -c CA5



